MIME-Version: 1.0
Content-Type: text/plain; charset="utf-8"
Content-Transfer-Encoding: 7bit
Subject: New Bid Placed
From: noreply@yaas.com
To: waleed@gmail.com
Date: Thu, 24 Dec 2015 14:40:30 -0000
Message-ID: <20151224144030.7988.8895@Waleed-PC>

 Your Bid on Test Auction 2 with amount 3 is placed Successfully 

 Best Regards 
 YAAS Team
-------------------------------------------------------------------------------
MIME-Version: 1.0
Content-Type: text/plain; charset="utf-8"
Content-Transfer-Encoding: 7bit
Subject: New Bid Placed
From: noreply@yaas.com
To: testuser2@test.com
Date: Thu, 24 Dec 2015 14:40:30 -0000
Message-ID: <20151224144030.7988.52278@Waleed-PC>

 New Bid on your Auction Test Auction 2 with amount 3 is placed Successfully 

 Best Regards 
 YAAS Team
-------------------------------------------------------------------------------
